<?xml version="1.0" encoding="UTF-8"?>
<!-- Generated by org.testng.reporters.JUnitXMLReporter -->
<testsuite ignored="0" hostname="DESKTOP-JGUVJ9K" failures="0" tests="3" name="End To End Test" time="235.543" errors="0" timestamp="2026-06-10T13:17:48 IST">
  <testcase classname="Testcases.BlazeDemoTest" name="fullFlowTest" time="39.482"/>
  <testcase classname="Testcases.BlazeDemoTest" name="fullFlowTest" time="29.118"/>
  <testcase classname="Testcases.BlazeDemoTest" name="fullFlowTest" time="22.149"/>
</testsuite> <!-- End To End Test -->
