<?xml version="1.0" encoding="UTF-8"?>
<!-- Generated by org.testng.reporters.JUnitXMLReporter -->
<testsuite ignored="0" hostname="DESKTOP-JGUVJ9K" failures="0" tests="3" name="Default test" time="113.462" errors="0" timestamp="2026-06-08T10:45:51 IST">
  <testcase classname="Testcases.BlazeDemoTest" name="fullFlowTest" time="24.508"/>
  <testcase classname="Testcases.BlazeDemoTest" name="fullFlowTest" time="24.927"/>
  <testcase classname="Testcases.BlazeDemoTest" name="fullFlowTest" time="32.568"/>
</testsuite> <!-- Default test -->
