<?xml version="1.0" encoding="UTF-8"?>
<!-- Generated by org.testng.reporters.JUnitXMLReporter -->
<testsuite ignored="0" hostname="DESKTOP-JGUVJ9K" failures="0" tests="3" name="End To End Test" time="139.531" errors="0" timestamp="2026-06-11T13:30:03 IST">
  <testcase classname="Testcases.BlazeDemoTest" name="fullFlowTest" time="27.4"/>
  <testcase classname="Testcases.BlazeDemoTest" name="fullFlowTest" time="23.953"/>
  <testcase classname="Testcases.BlazeDemoTest" name="fullFlowTest" time="25.413"/>
</testsuite> <!-- End To End Test -->
