<?xml version="1.0" encoding="UTF-8"?>
<!-- Generated by org.testng.reporters.JUnitXMLReporter -->
<testsuite ignored="0" hostname="DESKTOP-JGUVJ9K" failures="0" tests="3" name="End To End Test" time="114.912" errors="0" timestamp="2026-06-13T11:03:40 IST">
  <testcase classname="Testcases.BlazeDemoTest" name="fullFlowTest" time="23.245"/>
  <testcase classname="Testcases.BlazeDemoTest" name="fullFlowTest" time="23.341"/>
  <testcase classname="Testcases.BlazeDemoTest" name="fullFlowTest" time="22.041"/>
</testsuite> <!-- End To End Test -->
