<?xml version="1.0" encoding="UTF-8"?>
<testng-results ignored="0" total="3" passed="3" failed="0" skipped="0">
  <reporter-output>
  </reporter-output>
  <suite started-at="2026-06-10T12:41:48 IST" name="BlazeDemo Suite" finished-at="2026-06-10T12:44:27 IST" duration-ms="158955">
    <groups>
    </groups>
    <test started-at="2026-06-10T12:41:48 IST" name="End To End Test" finished-at="2026-06-10T12:44:27 IST" duration-ms="158955">
      <class name="Testcases.BlazeDemoTest">
        <test-method is-config="true" signature="setup()[pri:0, instance:Testcases.BlazeDemoTest@45312be2]" started-at="2026-06-10T12:41:50 IST" name="setup" finished-at="2026-06-10T12:42:02 IST" duration-ms="12121" status="PASS">
          <reporter-output>
          </reporter-output>
        </test-method> <!-- setup -->
        <test-method signature="fullFlowTest(java.lang.String,java.lang.String,java.lang.String,java.lang.String,java.lang.String,java.lang.String,java.lang.String,java.lang.String,java.lang.String)[pri:0, instance:Testcases.BlazeDemoTest@45312be2]" started-at="2026-06-10T12:42:02 IST" name="fullFlowTest" data-provider="flightData" finished-at="2026-06-10T12:42:29 IST" duration-ms="27506" status="PASS">
          <params>
            <param index="0">
              <value>
                <![CDATA[Ritika]]>
              </value>
            </param>
            <param index="1">
              <value>
                <![CDATA[India]]>
              </value>
            </param>
            <param index="2">
              <value>
                <![CDATA[Raya]]>
              </value>
            </param>
            <param index="3">
              <value>
                <![CDATA[UP]]>
              </value>
            </param>
            <param index="4">
              <value>
                <![CDATA[123456.0]]>
              </value>
            </param>
            <param index="5">
              <value>
                <![CDATA[1.1111111E7]]>
              </value>
            </param>
            <param index="6">
              <value>
                <![CDATA[11.0]]>
              </value>
            </param>
            <param index="7">
              <value>
                <![CDATA[2026.0]]>
              </value>
            </param>
            <param index="8">
              <value>
                <![CDATA[Ritika]]>
              </value>
            </param>
          </params>
          <reporter-output>
          </reporter-output>
        </test-method> <!-- fullFlowTest -->
        <test-method is-config="true" signature="tearDown()[pri:0, instance:Testcases.BlazeDemoTest@45312be2]" started-at="2026-06-10T12:42:29 IST" name="tearDown" finished-at="2026-06-10T12:42:32 IST" duration-ms="2852" status="PASS">
          <reporter-output>
          </reporter-output>
        </test-method> <!-- tearDown -->
        <test-method is-config="true" signature="setup()[pri:0, instance:Testcases.BlazeDemoTest@45312be2]" started-at="2026-06-10T12:42:32 IST" name="setup" finished-at="2026-06-10T12:42:40 IST" duration-ms="7388" status="PASS">
          <reporter-output>
          </reporter-output>
        </test-method> <!-- setup -->
        <test-method signature="fullFlowTest(java.lang.String,java.lang.String,java.lang.String,java.lang.String,java.lang.String,java.lang.String,java.lang.String,java.lang.String,java.lang.String)[pri:0, instance:Testcases.BlazeDemoTest@45312be2]" started-at="2026-06-10T12:42:40 IST" name="fullFlowTest" data-provider="flightData" finished-at="2026-06-10T12:43:03 IST" duration-ms="23605" status="PASS">
          <params>
            <param index="0">
              <value>
                <![CDATA[Yashi]]>
              </value>
            </param>
            <param index="1">
              <value>
                <![CDATA[India]]>
              </value>
            </param>
            <param index="2">
              <value>
                <![CDATA[Mathura]]>
              </value>
            </param>
            <param index="3">
              <value>
                <![CDATA[Rajesthan]]>
              </value>
            </param>
            <param index="4">
              <value>
                <![CDATA[280004.0]]>
              </value>
            </param>
            <param index="5">
              <value>
                <![CDATA[2.2222222E7]]>
              </value>
            </param>
            <param index="6">
              <value>
                <![CDATA[12.0]]>
              </value>
            </param>
            <param index="7">
              <value>
                <![CDATA[2025.0]]>
              </value>
            </param>
            <param index="8">
              <value>
                <![CDATA[Yashi]]>
              </value>
            </param>
          </params>
          <reporter-output>
          </reporter-output>
        </test-method> <!-- fullFlowTest -->
        <test-method is-config="true" signature="tearDown()[pri:0, instance:Testcases.BlazeDemoTest@45312be2]" started-at="2026-06-10T12:43:03 IST" name="tearDown" finished-at="2026-06-10T12:43:30 IST" duration-ms="26376" status="PASS">
          <reporter-output>
          </reporter-output>
        </test-method> <!-- tearDown -->
        <test-method is-config="true" signature="setup()[pri:0, instance:Testcases.BlazeDemoTest@45312be2]" started-at="2026-06-10T12:43:30 IST" name="setup" finished-at="2026-06-10T12:44:01 IST" duration-ms="31459" status="PASS">
          <reporter-output>
          </reporter-output>
        </test-method> <!-- setup -->
        <test-method signature="fullFlowTest(java.lang.String,java.lang.String,java.lang.String,java.lang.String,java.lang.String,java.lang.String,java.lang.String,java.lang.String,java.lang.String)[pri:0, instance:Testcases.BlazeDemoTest@45312be2]" started-at="2026-06-10T12:44:01 IST" name="fullFlowTest" data-provider="flightData" finished-at="2026-06-10T12:44:23 IST" duration-ms="21478" status="PASS">
          <params>
            <param index="0">
              <value>
                <![CDATA[Navya]]>
              </value>
            </param>
            <param index="1">
              <value>
                <![CDATA[India]]>
              </value>
            </param>
            <param index="2">
              <value>
                <![CDATA[Vrindavan]]>
              </value>
            </param>
            <param index="3">
              <value>
                <![CDATA[UP]]>
              </value>
            </param>
            <param index="4">
              <value>
                <![CDATA[110045.0]]>
              </value>
            </param>
            <param index="5">
              <value>
                <![CDATA[3.3333333E7]]>
              </value>
            </param>
            <param index="6">
              <value>
                <![CDATA[13.0]]>
              </value>
            </param>
            <param index="7">
              <value>
                <![CDATA[2024.0]]>
              </value>
            </param>
            <param index="8">
              <value>
                <![CDATA[Navya]]>
              </value>
            </param>
          </params>
          <reporter-output>
          </reporter-output>
        </test-method> <!-- fullFlowTest -->
        <test-method is-config="true" signature="tearDown()[pri:0, instance:Testcases.BlazeDemoTest@45312be2]" started-at="2026-06-10T12:44:23 IST" name="tearDown" finished-at="2026-06-10T12:44:27 IST" duration-ms="4087" status="PASS">
          <reporter-output>
          </reporter-output>
        </test-method> <!-- tearDown -->
      </class> <!-- Testcases.BlazeDemoTest -->
    </test> <!-- End To End Test -->
  </suite> <!-- BlazeDemo Suite -->
</testng-results>
