<?xml version="1.0" encoding="UTF-8"?>
<testsuite xmlns:xsi="http://www.w3.org/2001/XMLSchema-instance" xsi:noNamespaceSchemaLocation="https://maven.apache.org/surefire/maven-surefire-plugin/xsd/surefire-test-report.xsd" version="3.0.2" name="TestSuite" time="160.871" tests="3" errors="0" skipped="0" failures="0">
  <properties>
[...]
</properties>
  <testcase name="fullFlowTest[Ritika, India, Raya, UP, 123456.0, 1.1111111E7, 11.0, 2026.0, Ritika](1)" classname="Testcases.BlazeDemoTest" time="27.51">
    <system-out><![CDATA[Test Execution Started
Sheet Name = PurchaseData
Test Started: fullFlowTest
-----TEST STARTED ------
Searching Flights
Selecting Flight
Filling Purchase Details
Name = Ritika
Address = India
City = Raya
State = UP
Zip = 123456.0
Final Confirmation Page
Writing Excel Data
----- TEST COMPLETED SUCCESSFULLY ------
Test Passed: fullFlowTest
]]></system-out>
    <system-err><![CDATA[Jun 10, 2026 12:41:54 PM org.openqa.selenium.devtools.CdpVersionFinder findNearestMatch
WARNING: Unable to find an exact match for CDP version 149, returning the closest version; found: 148; Please update to a Selenium version that supports CDP version 149
]]></system-err>
  </testcase>
  <testcase name="fullFlowTest[Yashi, India, Mathura, Rajesthan, 280004.0, 2.2222222E7, 12.0, 2025.0, Yashi](2)" classname="Testcases.BlazeDemoTest" time="23.63">
    <system-out><![CDATA[Test Started: fullFlowTest
-----TEST STARTED ------
Searching Flights
Selecting Flight
Filling Purchase Details
Name = Yashi
Address = India
City = Mathura
State = Rajesthan
Zip = 280004.0
Final Confirmation Page
Writing Excel Data
----- TEST COMPLETED SUCCESSFULLY ------
Test Passed: fullFlowTest
]]></system-out>
    <system-err><![CDATA[Jun 10, 2026 12:42:34 PM org.openqa.selenium.devtools.CdpVersionFinder findNearestMatch
WARNING: Unable to find an exact match for CDP version 149, returning the closest version; found: 148; Please update to a Selenium version that supports CDP version 149
]]></system-err>
  </testcase>
  <testcase name="fullFlowTest[Navya, India, Vrindavan, UP, 110045.0, 3.3333333E7, 13.0, 2024.0, Navya](3)" classname="Testcases.BlazeDemoTest" time="21.482">
    <system-out><![CDATA[Test Started: fullFlowTest
-----TEST STARTED ------
Searching Flights
Selecting Flight
Filling Purchase Details
Name = Navya
Address = India
City = Vrindavan
State = UP
Zip = 110045.0
Final Confirmation Page
Writing Excel Data
----- TEST COMPLETED SUCCESSFULLY ------
Test Passed: fullFlowTest
]]></system-out>
    <system-err><![CDATA[Jun 10, 2026 12:43:39 PM org.openqa.selenium.devtools.CdpVersionFinder findNearestMatch
WARNING: Unable to find an exact match for CDP version 149, returning the closest version; found: 148; Please update to a Selenium version that supports CDP version 149
]]></system-err>
  </testcase>
</testsuite>