<?xml version="1.0" encoding="UTF-8"?>
<testng-results ignored="0" total="3" passed="3" failed="0" skipped="0">
  <reporter-output>
  </reporter-output>
  <suite started-at="2026-06-08T10:43:58 IST" name="Default suite" finished-at="2026-06-08T10:45:51 IST" duration-ms="113462">
    <groups>
    </groups>
    <test started-at="2026-06-08T10:43:58 IST" name="Default test" finished-at="2026-06-08T10:45:51 IST" duration-ms="113462">
      <class name="Testcases.BlazeDemoTest">
        <test-method is-config="true" signature="setup()[pri:0, instance:Testcases.BlazeDemoTest@2320fa6f]" started-at="2026-06-08T10:44:00 IST" name="setup" finished-at="2026-06-08T10:44:10 IST" duration-ms="9447" status="PASS">
          <reporter-output>
          </reporter-output>
        </test-method> <!-- setup -->
        <test-method signature="fullFlowTest(java.lang.String,java.lang.String,java.lang.String,java.lang.String,java.lang.String,java.lang.String,java.lang.String,java.lang.String,java.lang.String)[pri:0, instance:Testcases.BlazeDemoTest@2320fa6f]" started-at="2026-06-08T10:44:10 IST" name="fullFlowTest" data-provider="flightData" finished-at="2026-06-08T10:44:34 IST" duration-ms="24508" status="PASS">
          <params>
            <param index="0">
              <value>
                <![CDATA[Ritika]]>
              </value>
            </param>
            <param index="1">
              <value>
                <![CDATA[India]]>
              </value>
            </param>
            <param index="2">
              <value>
                <![CDATA[Raya]]>
              </value>
            </param>
            <param index="3">
              <value>
                <![CDATA[UP]]>
              </value>
            </param>
            <param index="4">
              <value>
                <![CDATA[123456.0]]>
              </value>
            </param>
            <param index="5">
              <value>
                <![CDATA[1.1111111E7]]>
              </value>
            </param>
            <param index="6">
              <value>
                <![CDATA[11.0]]>
              </value>
            </param>
            <param index="7">
              <value>
                <![CDATA[2026.0]]>
              </value>
            </param>
            <param index="8">
              <value>
                <![CDATA[Ritika]]>
              </value>
            </param>
          </params>
          <reporter-output>
          </reporter-output>
        </test-method> <!-- fullFlowTest -->
        <test-method is-config="true" signature="tearDown()[pri:0, instance:Testcases.BlazeDemoTest@2320fa6f]" started-at="2026-06-08T10:44:34 IST" name="tearDown" finished-at="2026-06-08T10:44:35 IST" duration-ms="906" status="PASS">
          <reporter-output>
          </reporter-output>
        </test-method> <!-- tearDown -->
        <test-method is-config="true" signature="setup()[pri:0, instance:Testcases.BlazeDemoTest@2320fa6f]" started-at="2026-06-08T10:44:35 IST" name="setup" finished-at="2026-06-08T10:44:43 IST" duration-ms="7733" status="PASS">
          <reporter-output>
          </reporter-output>
        </test-method> <!-- setup -->
        <test-method signature="fullFlowTest(java.lang.String,java.lang.String,java.lang.String,java.lang.String,java.lang.String,java.lang.String,java.lang.String,java.lang.String,java.lang.String)[pri:0, instance:Testcases.BlazeDemoTest@2320fa6f]" started-at="2026-06-08T10:44:43 IST" name="fullFlowTest" data-provider="flightData" finished-at="2026-06-08T10:45:08 IST" duration-ms="24927" status="PASS">
          <params>
            <param index="0">
              <value>
                <![CDATA[Yashi]]>
              </value>
            </param>
            <param index="1">
              <value>
                <![CDATA[India]]>
              </value>
            </param>
            <param index="2">
              <value>
                <![CDATA[Mathura]]>
              </value>
            </param>
            <param index="3">
              <value>
                <![CDATA[Rajesthan]]>
              </value>
            </param>
            <param index="4">
              <value>
                <![CDATA[280004.0]]>
              </value>
            </param>
            <param index="5">
              <value>
                <![CDATA[2.2222222E7]]>
              </value>
            </param>
            <param index="6">
              <value>
                <![CDATA[12.0]]>
              </value>
            </param>
            <param index="7">
              <value>
                <![CDATA[2025.0]]>
              </value>
            </param>
            <param index="8">
              <value>
                <![CDATA[Yahsi]]>
              </value>
            </param>
          </params>
          <reporter-output>
          </reporter-output>
        </test-method> <!-- fullFlowTest -->
        <test-method is-config="true" signature="tearDown()[pri:0, instance:Testcases.BlazeDemoTest@2320fa6f]" started-at="2026-06-08T10:45:08 IST" name="tearDown" finished-at="2026-06-08T10:45:09 IST" duration-ms="976" status="PASS">
          <reporter-output>
          </reporter-output>
        </test-method> <!-- tearDown -->
        <test-method is-config="true" signature="setup()[pri:0, instance:Testcases.BlazeDemoTest@2320fa6f]" started-at="2026-06-08T10:45:09 IST" name="setup" finished-at="2026-06-08T10:45:18 IST" duration-ms="8880" status="PASS">
          <reporter-output>
          </reporter-output>
        </test-method> <!-- setup -->
        <test-method signature="fullFlowTest(java.lang.String,java.lang.String,java.lang.String,java.lang.String,java.lang.String,java.lang.String,java.lang.String,java.lang.String,java.lang.String)[pri:0, instance:Testcases.BlazeDemoTest@2320fa6f]" started-at="2026-06-08T10:45:18 IST" name="fullFlowTest" data-provider="flightData" finished-at="2026-06-08T10:45:50 IST" duration-ms="32568" status="PASS">
          <params>
            <param index="0">
              <value>
                <![CDATA[Navya]]>
              </value>
            </param>
            <param index="1">
              <value>
                <![CDATA[India]]>
              </value>
            </param>
            <param index="2">
              <value>
                <![CDATA[Vrindavan]]>
              </value>
            </param>
            <param index="3">
              <value>
                <![CDATA[UP]]>
              </value>
            </param>
            <param index="4">
              <value>
                <![CDATA[110045.0]]>
              </value>
            </param>
            <param index="5">
              <value>
                <![CDATA[3.3333333E7]]>
              </value>
            </param>
            <param index="6">
              <value>
                <![CDATA[13.0]]>
              </value>
            </param>
            <param index="7">
              <value>
                <![CDATA[2024.0]]>
              </value>
            </param>
            <param index="8">
              <value>
                <![CDATA[Navya]]>
              </value>
            </param>
          </params>
          <reporter-output>
          </reporter-output>
        </test-method> <!-- fullFlowTest -->
        <test-method is-config="true" signature="tearDown()[pri:0, instance:Testcases.BlazeDemoTest@2320fa6f]" started-at="2026-06-08T10:45:50 IST" name="tearDown" finished-at="2026-06-08T10:45:51 IST" duration-ms="779" status="PASS">
          <reporter-output>
          </reporter-output>
        </test-method> <!-- tearDown -->
      </class> <!-- Testcases.BlazeDemoTest -->
    </test> <!-- Default test -->
  </suite> <!-- Default suite -->
</testng-results>
