<?xml version="1.0" encoding="UTF-8"?>
<!-- Generated by org.testng.reporters.JUnitReportReporter -->
<testsuite hostname="DESKTOP-JGUVJ9K" failures="0" tests="3" name="Testcases.BlazeDemoTest" time="131.774" errors="0" timestamp="2026-06-11T13:30:03 IST" skipped="0">
  <testcase classname="Testcases.BlazeDemoTest" name="fullFlowTest" time="34.018"/>
  <testcase classname="Testcases.BlazeDemoTest" name="fullFlowTest" time="39.623"/>
  <testcase classname="Testcases.BlazeDemoTest" name="fullFlowTest" time="58.133"/>
</testsuite> <!-- Testcases.BlazeDemoTest -->
