<?xml version="1.0" encoding="UTF-8"?>
<!-- Generated by org.testng.reporters.JUnitReportReporter -->
<testsuite hostname="DESKTOP-JGUVJ9K" failures="0" tests="3" name="Testcases.FlightSearch" time="36.088" errors="0" timestamp="2026-06-06T15:35:13 IST" skipped="0">
  <testcase classname="Testcases.FlightSearch" name="searchFlight" time="12.036"/>
  <testcase classname="Testcases.FlightSearch" name="searchFlight" time="13.996"/>
  <testcase classname="Testcases.FlightSearch" name="searchFlight" time="10.056"/>
</testsuite> <!-- Testcases.FlightSearch -->
