<?xml version="1.0" encoding="UTF-8"?>
<!-- Generated by org.testng.reporters.JUnitReportReporter -->
<testsuite hostname="DESKTOP-JGUVJ9K" failures="0" tests="3" name="Testcases.BlazeDemoTest" time="110.724" errors="0" timestamp="2026-06-08T10:45:53 IST" skipped="0">
  <testcase classname="Testcases.BlazeDemoTest" name="fullFlowTest" time="33.147"/>
  <testcase classname="Testcases.BlazeDemoTest" name="fullFlowTest" time="42.227"/>
  <testcase classname="Testcases.BlazeDemoTest" name="fullFlowTest" time="35.350"/>
</testsuite> <!-- Testcases.BlazeDemoTest -->
