<?xml version="1.0" encoding="UTF-8"?>
<!-- Generated by org.testng.reporters.JUnitReportReporter -->
<testsuite hostname="DESKTOP-JGUVJ9K" failures="0" tests="3" name="Testcases.BlazeDemoTest" time="225.005" errors="0" timestamp="2026-06-10T13:17:52 IST" skipped="0">
  <testcase classname="Testcases.BlazeDemoTest" name="fullFlowTest" time="118.003"/>
  <testcase classname="Testcases.BlazeDemoTest" name="fullFlowTest" time="50.965"/>
  <testcase classname="Testcases.BlazeDemoTest" name="fullFlowTest" time="56.037"/>
</testsuite> <!-- Testcases.BlazeDemoTest -->
